2015.02.17 10:17 B H:\111 winter 2015\Emerging technologies\portfolioWebsite\images\college_back.PNG --> studentweb.cencol.ca /lartyukh/portfolioWebsite/images college_back.PNG
2015.02.17 10:17 B H:\111 winter 2015\Emerging technologies\portfolioWebsite\images\college_front.PNG --> studentweb.cencol.ca /lartyukh/portfolioWebsite/images college_front.PNG
2015.02.17 10:17 B H:\111 winter 2015\Emerging technologies\portfolioWebsite\images\csdetails.PNG --> studentweb.cencol.ca /lartyukh/portfolioWebsite/images csdetails.PNG
2015.02.17 10:17 B H:\111 winter 2015\Emerging technologies\portfolioWebsite\images\CSlogo.png --> studentweb.cencol.ca /lartyukh/portfolioWebsite/images CSlogo.png
2015.02.17 10:17 B H:\111 winter 2015\Emerging technologies\portfolioWebsite\images\CSlogo1.PNG --> studentweb.cencol.ca /lartyukh/portfolioWebsite/images CSlogo1.PNG
2015.02.17 10:17 B H:\111 winter 2015\Emerging technologies\portfolioWebsite\images\datadetails.PNG --> studentweb.cencol.ca /lartyukh/portfolioWebsite/images datadetails.PNG
2015.02.17 10:17 B H:\111 winter 2015\Emerging technologies\portfolioWebsite\images\datalogo.PNG --> studentweb.cencol.ca /lartyukh/portfolioWebsite/images datalogo.PNG
2015.02.17 10:17 B H:\111 winter 2015\Emerging technologies\portfolioWebsite\images\docdetails.PNG --> studentweb.cencol.ca /lartyukh/portfolioWebsite/images docdetails.PNG
2015.02.17 10:17 B H:\111 winter 2015\Emerging technologies\portfolioWebsite\images\doclogo.PNG --> studentweb.cencol.ca /lartyukh/portfolioWebsite/images doclogo.PNG
2015.02.17 10:17 B H:\111 winter 2015\Emerging technologies\portfolioWebsite\images\faceBook_darkBlue.png --> studentweb.cencol.ca /lartyukh/portfolioWebsite/images faceBook_darkBlue.png
2015.02.17 10:17 B H:\111 winter 2015\Emerging technologies\portfolioWebsite\images\faceBook_darkBrown.png --> studentweb.cencol.ca /lartyukh/portfolioWebsite/images faceBook_darkBrown.png
2015.02.17 10:17 B H:\111 winter 2015\Emerging technologies\portfolioWebsite\images\google_darkBlue.png --> studentweb.cencol.ca /lartyukh/portfolioWebsite/images google_darkBlue.png
2015.02.17 10:17 B H:\111 winter 2015\Emerging technologies\portfolioWebsite\images\google_darkBrown.png --> studentweb.cencol.ca /lartyukh/portfolioWebsite/images google_darkBrown.png
2015.02.17 10:17 B H:\111 winter 2015\Emerging technologies\portfolioWebsite\images\javadetails.PNG --> studentweb.cencol.ca /lartyukh/portfolioWebsite/images javadetails.PNG
2015.02.17 10:17 B H:\111 winter 2015\Emerging technologies\portfolioWebsite\images\javalogo.PNG --> studentweb.cencol.ca /lartyukh/portfolioWebsite/images javalogo.PNG
2015.02.17 10:17 B H:\111 winter 2015\Emerging technologies\portfolioWebsite\images\linkedIn_darkBlue.png --> studentweb.cencol.ca /lartyukh/portfolioWebsite/images linkedIn_darkBlue.png
2015.02.17 10:17 B H:\111 winter 2015\Emerging technologies\portfolioWebsite\images\linkedIn_darkBrown.png --> studentweb.cencol.ca /lartyukh/portfolioWebsite/images linkedIn_darkBrown.png
2015.02.17 10:17 B H:\111 winter 2015\Emerging technologies\portfolioWebsite\images\testdetails.PNG --> studentweb.cencol.ca /lartyukh/portfolioWebsite/images testdetails.PNG
2015.02.17 10:17 B H:\111 winter 2015\Emerging technologies\portfolioWebsite\images\testlogo.PNG --> studentweb.cencol.ca /lartyukh/portfolioWebsite/images testlogo.PNG
2015.02.17 10:17 B H:\111 winter 2015\Emerging technologies\portfolioWebsite\images\univ_back.PNG --> studentweb.cencol.ca /lartyukh/portfolioWebsite/images univ_back.PNG
2015.02.17 10:17 B H:\111 winter 2015\Emerging technologies\portfolioWebsite\images\univ_front.PNG --> studentweb.cencol.ca /lartyukh/portfolioWebsite/images univ_front.PNG
2015.02.17 10:17 B H:\111 winter 2015\Emerging technologies\portfolioWebsite\images\webdetails.PNG --> studentweb.cencol.ca /lartyukh/portfolioWebsite/images webdetails.PNG
2015.02.17 10:17 B H:\111 winter 2015\Emerging technologies\portfolioWebsite\images\weblogo.PNG --> studentweb.cencol.ca /lartyukh/portfolioWebsite/images weblogo.PNG
2015.02.17 10:19 B H:\111 winter 2015\Emerging technologies\portfolioWebsite\images\college_front.PNG --> studentweb.cencol.ca /lartyukh/portfolioWebsite/images college_front.PNG
2015.02.17 10:19 B H:\111 winter 2015\Emerging technologies\portfolioWebsite\images\college_back.PNG --> studentweb.cencol.ca /lartyukh/portfolioWebsite/images college_back.PNG
2015.02.17 10:19 B H:\111 winter 2015\Emerging technologies\portfolioWebsite\images\univ_front.PNG --> studentweb.cencol.ca /lartyukh/portfolioWebsite/images univ_front.PNG
2015.02.17 10:21 B H:\111 winter 2015\Emerging technologies\portfolioWebsite\images\univ_front.PNG --> studentweb.cencol.ca /lartyukh/portfolioWebsite/images univ_front.PNG
2015.02.17 10:21 B H:\111 winter 2015\Emerging technologies\portfolioWebsite\images\univ_back.PNG --> studentweb.cencol.ca /lartyukh/portfolioWebsite/images univ_back.PNG
2015.02.17 10:21 B H:\111 winter 2015\Emerging technologies\portfolioWebsite\images\college_back.PNG --> studentweb.cencol.ca /lartyukh/portfolioWebsite/images college_back.PNG
2015.02.17 10:21 B H:\111 winter 2015\Emerging technologies\portfolioWebsite\images\college_front.PNG --> studentweb.cencol.ca /lartyukh/portfolioWebsite/images college_front.PNG
2015.02.17 10:22 B H:\111 winter 2015\Emerging technologies\portfolioWebsite\images\college_back.PNG --> studentweb.cencol.ca /lartyukh/portfolioWebsite/images college_back.PNG
2015.02.17 10:22 B H:\111 winter 2015\Emerging technologies\portfolioWebsite\images\college_front.PNG --> studentweb.cencol.ca /lartyukh/portfolioWebsite/images college_front.PNG
2015.02.17 10:28 B H:\111 winter 2015\Emerging technologies\portfolioWebsite\images\college_front.PNG --> studentweb.cencol.ca /lartyukh/portfolioWebsite/images college_front.PNG
2015.02.28 15:49 B H:\PROJECTS\web\website\portfolioWebsite\images\dataDevelopmentProjectCollage - Copy.png --> studentweb.cencol.ca /lartyukh/portfolioWebsite/images dataDevelopmentProjectCollage - Copy.png
2015.02.28 15:49 B H:\PROJECTS\web\website\portfolioWebsite\images\faceBook_darkBlue.png --> studentweb.cencol.ca /lartyukh/portfolioWebsite/images faceBook_darkBlue.png
2015.02.28 15:49 B H:\PROJECTS\web\website\portfolioWebsite\images\faceBook_darkBrown.png --> studentweb.cencol.ca /lartyukh/portfolioWebsite/images faceBook_darkBrown.png
2015.02.28 15:49 B H:\PROJECTS\web\website\portfolioWebsite\images\google_darkBlue.png --> studentweb.cencol.ca /lartyukh/portfolioWebsite/images google_darkBlue.png
2015.02.28 15:49 B H:\PROJECTS\web\website\portfolioWebsite\images\google_darkBrown.png --> studentweb.cencol.ca /lartyukh/portfolioWebsite/images google_darkBrown.png
2015.02.28 15:49 B H:\PROJECTS\web\website\portfolioWebsite\images\linkedIn_darkBlue.png --> studentweb.cencol.ca /lartyukh/portfolioWebsite/images linkedIn_darkBlue.png
2015.02.28 15:49 B H:\PROJECTS\web\website\portfolioWebsite\images\linkedIn_darkBrown.png --> studentweb.cencol.ca /lartyukh/portfolioWebsite/images linkedIn_darkBrown.png
2015.02.28 15:49 B H:\PROJECTS\web\website\portfolioWebsite\images\WS_FTP.LOG --> studentweb.cencol.ca /lartyukh/portfolioWebsite/images WS_FTP.LOG
2015.03.21 23:58 B H:\PROJECTS\web\website\portfolioWebsite\images\myphoto1.png --> studentweb.cencol.ca /lartyukh/portfolioWebsite/images myphoto1.png
